d:\assessments (year 2, part 1)\linear momentum\aiebootstrap-master\temp\bootstrap\x64\debug\bootstrap.pdb
d:\assessments (year 2, part 1)\linear momentum\aiebootstrap-master\temp\bootstrap\x64\debug\bootstrap.idb
d:\assessments (year 2, part 1)\linear momentum\aiebootstrap-master\temp\bootstrap\x64\debug\texture.obj
d:\assessments (year 2, part 1)\linear momentum\aiebootstrap-master\temp\bootstrap\x64\debug\renderer2d.obj
d:\assessments (year 2, part 1)\linear momentum\aiebootstrap-master\temp\bootstrap\x64\debug\input.obj
d:\assessments (year 2, part 1)\linear momentum\aiebootstrap-master\temp\bootstrap\x64\debug\imgui_glfw3.obj
d:\assessments (year 2, part 1)\linear momentum\aiebootstrap-master\temp\bootstrap\x64\debug\gizmos.obj
d:\assessments (year 2, part 1)\linear momentum\aiebootstrap-master\temp\bootstrap\x64\debug\font.obj
d:\assessments (year 2, part 1)\linear momentum\aiebootstrap-master\temp\bootstrap\x64\debug\application.obj
d:\assessments (year 2, part 1)\linear momentum\aiebootstrap-master\temp\bootstrap\x64\debug\imgui_draw.obj
d:\assessments (year 2, part 1)\linear momentum\aiebootstrap-master\temp\bootstrap\x64\debug\imgui.obj
d:\assessments (year 2, part 1)\linear momentum\aiebootstrap-master\temp\bootstrap\x64\debug\gl_core_4_4.obj
d:\assessments (year 2, part 1)\linear momentum\aiebootstrap-master\dependencies\bootstrap\x64\debug\bootstrap.lib
c:\users\s191203\desktop\aiebootstrap-master\temp\bootstrap\x64\debug\application.obj
c:\users\s191203\desktop\aiebootstrap-master\temp\bootstrap\x64\debug\font.obj
c:\users\s191203\desktop\aiebootstrap-master\temp\bootstrap\x64\debug\gizmos.obj
c:\users\s191203\desktop\aiebootstrap-master\temp\bootstrap\x64\debug\gl_core_4_4.obj
c:\users\s191203\desktop\aiebootstrap-master\temp\bootstrap\x64\debug\imgui.obj
c:\users\s191203\desktop\aiebootstrap-master\temp\bootstrap\x64\debug\imgui_draw.obj
c:\users\s191203\desktop\aiebootstrap-master\temp\bootstrap\x64\debug\imgui_glfw3.obj
c:\users\s191203\desktop\aiebootstrap-master\temp\bootstrap\x64\debug\input.obj
c:\users\s191203\desktop\aiebootstrap-master\temp\bootstrap\x64\debug\renderer2d.obj
c:\users\s191203\desktop\aiebootstrap-master\temp\bootstrap\x64\debug\texture.obj
c:\users\s191203\desktop\aiebootstrap-master\temp\bootstrap\x64\debug\bootstrap.idb
c:\users\s191203\desktop\aiebootstrap-master\temp\bootstrap\x64\debug\bootstrap.pdb
c:\users\s191203\desktop\aiebootstrap-master\dependencies\bootstrap\x64\debug\bootstrap.pdb
c:\users\s191203\desktop\aiebootstrap-master\dependencies\bootstrap\x64\debug\bootstrap.lib
c:\users\s191203\desktop\aiebootstrap-master\temp\bootstrap\x64\debug\bootstrap.tlog\cl.command.1.tlog
c:\users\s191203\desktop\aiebootstrap-master\temp\bootstrap\x64\debug\bootstrap.tlog\cl.read.1.tlog
c:\users\s191203\desktop\aiebootstrap-master\temp\bootstrap\x64\debug\bootstrap.tlog\cl.write.1.tlog
c:\users\s191203\desktop\aiebootstrap-master\temp\bootstrap\x64\debug\bootstrap.tlog\lib-link.read.1.tlog
c:\users\s191203\desktop\aiebootstrap-master\temp\bootstrap\x64\debug\bootstrap.tlog\lib-link.write.1.tlog
c:\users\s191203\desktop\aiebootstrap-master\temp\bootstrap\x64\debug\bootstrap.tlog\lib.command.1.tlog
