d:\aieprojects\cplusplusproject\source\appcollection\x64\debug\vc141.pdb
d:\aieprojects\cplusplusproject\source\appcollection\x64\debug\vc141.idb
d:\aieprojects\cplusplusproject\source\appcollection\x64\debug\tictactoefunctions.obj
d:\aieprojects\cplusplusproject\source\appcollection\x64\debug\tictactoe.obj
d:\aieprojects\cplusplusproject\source\appcollection\x64\debug\main.obj
d:\aieprojects\cplusplusproject\source\appcollection\x64\debug\guessinggamefunctions.obj
d:\aieprojects\cplusplusproject\source\appcollection\x64\debug\guessinggame.obj
d:\aieprojects\cplusplusproject\source\appcollection\x64\debug\fighter.obj
d:\aieprojects\cplusplusproject\source\appcollection\x64\debug\binaryexercisefunctions.obj
d:\aieprojects\cplusplusproject\source\appcollection\x64\debug\binaryexercise.obj
d:\aieprojects\cplusplusproject\source\appcollection\x64\debug\battlearenafunctions.obj
d:\aieprojects\cplusplusproject\source\appcollection\x64\debug\battlearena.obj
d:\aieprojects\cplusplusproject\source\x64\debug\appcollection.ilk
d:\aieprojects\cplusplusproject\source\x64\debug\appcollection.exe
d:\aieprojects\cplusplusproject\source\x64\debug\appcollection.pdb
d:\aieprojects\cplusplusproject\source\appcollection\x64\debug\appcollection.tlog\cl.command.1.tlog
d:\aieprojects\cplusplusproject\source\appcollection\x64\debug\appcollection.tlog\cl.read.1.tlog
d:\aieprojects\cplusplusproject\source\appcollection\x64\debug\appcollection.tlog\cl.write.1.tlog
d:\aieprojects\cplusplusproject\source\appcollection\x64\debug\appcollection.tlog\link.command.1.tlog
d:\aieprojects\cplusplusproject\source\appcollection\x64\debug\appcollection.tlog\link.read.1.tlog
d:\aieprojects\cplusplusproject\source\appcollection\x64\debug\appcollection.tlog\link.write.1.tlog
